15
1
2080
3160
2278
3403
1378
861
2775
1711
1770
3828
9870
417241
139128
299151
7626
20706
4950
68265
414505
175528
353220
216811
5886
436645
89253
231540
143916
55945
58653
201295
44363490
23684403
33985890
12323130
1191196
25414885
23048655
21783300
8859945
12046686
1244253
4668040
20933685
3389106
24106096
26524686
43501128
48496476
13217511
3352755
4516253280
789892131
1452039105
746737335
2573134453
298571266
2087322966
3983004378
1583353401
4846545831
1129431628
853774503
3426140031
980647041
1612239720
3185576290
3536783460
116380396
2696019165
1296448660
3507743161
1911814530
972823995
3048048003
758843403
4002753601
310814778
4253601495
689782653
1787332366
2710062631
932191431
3969716856
3456337653
436763790
2324290290
71886045
522275040
226843220703
286994411010
445004138503
403613838111
17446279410
15882520878
71690751153
202290932278
453276244515
283317410376
